<?xml version="1.0" encoding="UTF-8"?>
<!-- Generated by org.testng.reporters.JUnitXMLReporter -->
<testsuite hostname="LENOVO" ignored="0" name="Test" tests="9" failures="1" timestamp="29 Jun 2021 19:56:15 GMT" time="298.502" errors="0">
  <testcase name="productSearchPageTitleTest" time="5.039" classname="com.AmazonAutomation.test.ProductSearchPageTest"/>
  <testcase name="buyNowPageTitleTest" time="7.448" classname="com.AmazonAutomation.test.BuyNowPageTest">
    <failure type="java.lang.AssertionError" message="Buy Now Page Title is not matched expected [Samsung Galaxy M31 (Ocean Blue, 8GB RAM, 128GB Storage): Amazon.in: Electronics] but found [Samsung Galaxy M31 (Ocean Blue, 8GB RAM, 128GB Storage) : Amazon.in: Electronics]">
      <![CDATA[java.lang.AssertionError: Buy Now Page Title is not matched expected [Samsung Galaxy M31 (Ocean Blue, 8GB RAM, 128GB Storage): Amazon.in: Electronics] but found [Samsung Galaxy M31 (Ocean Blue, 8GB RAM, 128GB Storage) : Amazon.in: Electronics]
at com.AmazonAutomation.test.BuyNowPageTest.buyNowPageTitleTest(BuyNowPageTest.java:55)
at java.util.concurrent.FutureTask.run(FutureTask.java:266)
at java.util.concurrent.ThreadPoolExecutor.runWorker(ThreadPoolExecutor.java:1149)
at java.util.concurrent.ThreadPoolExecutor$Worker.run(ThreadPoolExecutor.java:624)
at java.lang.Thread.run(Thread.java:748)
... Removed 21 stack frames]]>
    </failure>
  </testcase> <!-- buyNowPageTitleTest -->
  <testcase name="homePageTitleTest" time="0.229" classname="com.AmazonAutomation.test.HomePageTest"/>
  <testcase name="loginPageTitleTest" time="0.041" classname="com.AmazonAutomation.test.LoginPageTest"/>
  <testcase name="ProductSearchAndClick" time="9.882" classname="com.AmazonAutomation.test.ProductSearchPageTest"/>
  <testcase name="paymentActivity" time="9.444" classname="com.AmazonAutomation.test.PaymentPageTest"/>
  <testcase name="buyNowClick" time="13.445" classname="com.AmazonAutomation.test.BuyNowPageTest"/>
  <testcase name="homePageSignIn" time="2.016" classname="com.AmazonAutomation.test.HomePageTest"/>
  <testcase name="loginPageSignIn" time="1.706" classname="com.AmazonAutomation.test.LoginPageTest"/>
</testsuite> <!-- Test -->
