<html>
<head>
<title>TestNG:  Test</title>
<link href="../testng.css" rel="stylesheet" type="text/css" />
<link href="../my-testng.css" rel="stylesheet" type="text/css" />

<style type="text/css">
.log { display: none;} 
.stack-trace { display: none;} 
</style>
<script type="text/javascript">
<!--
function flip(e) {
  current = e.style.display;
  if (current == 'block') {
    e.style.display = 'none';
    return 0;
  }
  else {
    e.style.display = 'block';
    return 1;
  }
}

function toggleBox(szDivId, elem, msg1, msg2)
{
  var res = -1;  if (document.getElementById) {
    res = flip(document.getElementById(szDivId));
  }
  else if (document.all) {
    // this is the way old msie versions work
    res = flip(document.all[szDivId]);
  }
  if(elem) {
    if(res == 0) elem.innerHTML = msg1; else elem.innerHTML = msg2;
  }

}

function toggleAllBoxes() {
  if (document.getElementsByTagName) {
    d = document.getElementsByTagName('div');
    for (i = 0; i < d.length; i++) {
      if (d[i].className == 'log') {
        flip(d[i]);
      }
    }
  }
}

// -->
</script>

</head>
<body>
<h2 align='center'>Test</h2><table border='1' align="center">
<tr>
<td>Tests passed/Failed/Skipped:</td><td>8/1/0</td>
</tr><tr>
<td>Started on:</td><td>Wed Jun 30 01:21:16 IST 2021</td>
</tr>
<tr><td>Total time:</td><td>298 seconds (298502 ms)</td>
</tr><tr>
<td>Included groups:</td><td></td>
</tr><tr>
<td>Excluded groups:</td><td></td>
</tr>
</table><p/>
<small><i>(Hover the method name to see the test class name)</i></small><p/>
<table width='100%' border='1' class='invocation-failed'>
<tr><td colspan='4' align='center'><b>FAILED TESTS</b></td></tr>
<tr><td><b>Test method</b></td>
<td width="30%"><b>Exception</b></td>
<td width="10%"><b>Time (seconds)</b></td>
<td><b>Instance</b></td>
</tr>
<tr>
<td title='com.AmazonAutomation.test.BuyNowPageTest.buyNowPageTitleTest()'><b>buyNowPageTitleTest</b><br>Test class: com.AmazonAutomation.test.BuyNowPageTest</td>
<td><div><pre>java.lang.AssertionError: Buy Now Page Title is not matched expected [Samsung Galaxy M31 (Ocean Blue, 8GB RAM, 128GB Storage): Amazon.in: Electronics] but found [Samsung Galaxy M31 (Ocean Blue, 8GB RAM, 128GB Storage) : Amazon.in: Electronics]
	at com.AmazonAutomation.test.BuyNowPageTest.buyNowPageTitleTest(BuyNowPageTest.java:55)
	at java.util.concurrent.FutureTask.run(FutureTask.java:266)
	at java.util.concurrent.ThreadPoolExecutor.runWorker(ThreadPoolExecutor.java:1149)
	at java.util.concurrent.ThreadPoolExecutor$Worker.run(ThreadPoolExecutor.java:624)
	at java.lang.Thread.run(Thread.java:748)
... Removed 21 stack frames</pre></div><a href='#' onClick='toggleBox("stack-trace1565050422", this, "Click to show all stack frames", "Click to hide stack frames")'>Click to show all stack frames</a>
<div class='stack-trace' id='stack-trace1565050422'><pre>java.lang.AssertionError: Buy Now Page Title is not matched expected [Samsung Galaxy M31 (Ocean Blue, 8GB RAM, 128GB Storage): Amazon.in: Electronics] but found [Samsung Galaxy M31 (Ocean Blue, 8GB RAM, 128GB Storage) : Amazon.in: Electronics]
	at org.testng.Assert.fail(Assert.java:96)
	at org.testng.Assert.failNotEquals(Assert.java:776)
	at org.testng.Assert.assertEqualsImpl(Assert.java:137)
	at org.testng.Assert.assertEquals(Assert.java:118)
	at org.testng.Assert.assertEquals(Assert.java:453)
	at com.AmazonAutomation.test.BuyNowPageTest.buyNowPageTitleTest(BuyNowPageTest.java:55)
	at sun.reflect.NativeMethodAccessorImpl.invoke0(Native Method)
	at sun.reflect.NativeMethodAccessorImpl.invoke(NativeMethodAccessorImpl.java:62)
	at sun.reflect.DelegatingMethodAccessorImpl.invoke(DelegatingMethodAccessorImpl.java:43)
	at java.lang.reflect.Method.invoke(Method.java:498)
	at org.testng.internal.MethodInvocationHelper.invokeMethod(MethodInvocationHelper.java:124)
	at org.testng.internal.Invoker.invokeMethod(Invoker.java:583)
	at org.testng.internal.Invoker.invokeTestMethod(Invoker.java:719)
	at org.testng.internal.Invoker.invokeTestMethods(Invoker.java:989)
	at org.testng.internal.TestMethodWorker.invokeTestMethods(TestMethodWorker.java:125)
	at org.testng.internal.TestMethodWorker.run(TestMethodWorker.java:109)
	at org.testng.TestRunner.privateRun(TestRunner.java:648)
	at org.testng.TestRunner.run(TestRunner.java:505)
	at org.testng.SuiteRunner.runTest(SuiteRunner.java:455)
	at org.testng.SuiteRunner.access$000(SuiteRunner.java:40)
	at org.testng.SuiteRunner$SuiteWorker.run(SuiteRunner.java:489)
	at org.testng.internal.thread.ThreadUtil$1.call(ThreadUtil.java:52)
	at java.util.concurrent.FutureTask.run(FutureTask.java:266)
	at java.util.concurrent.ThreadPoolExecutor.runWorker(ThreadPoolExecutor.java:1149)
	at java.util.concurrent.ThreadPoolExecutor$Worker.run(ThreadPoolExecutor.java:624)
	at java.lang.Thread.run(Thread.java:748)
</pre></div></td>
<td>7</td>
<td>com.AmazonAutomation.test.BuyNowPageTest@5d20e46</td></tr>
</table><p>
<table width='100%' border='1' class='invocation-passed'>
<tr><td colspan='4' align='center'><b>PASSED TESTS</b></td></tr>
<tr><td><b>Test method</b></td>
<td width="30%"><b>Exception</b></td>
<td width="10%"><b>Time (seconds)</b></td>
<td><b>Instance</b></td>
</tr>
<tr>
<td title='com.AmazonAutomation.test.ProductSearchPageTest.ProductSearchAndClick()'><b>ProductSearchAndClick</b><br>Test class: com.AmazonAutomation.test.ProductSearchPageTest</td>
<td></td>
<td>9</td>
<td>com.AmazonAutomation.test.ProductSearchPageTest@ba8d91c</td></tr>
<tr>
<td title='com.AmazonAutomation.test.BuyNowPageTest.buyNowClick()'><b>buyNowClick</b><br>Test class: com.AmazonAutomation.test.BuyNowPageTest</td>
<td></td>
<td>13</td>
<td>com.AmazonAutomation.test.BuyNowPageTest@5d20e46</td></tr>
<tr>
<td title='com.AmazonAutomation.test.HomePageTest.homePageSignIn()'><b>homePageSignIn</b><br>Test class: com.AmazonAutomation.test.HomePageTest</td>
<td></td>
<td>2</td>
<td>com.AmazonAutomation.test.HomePageTest@709ba3fb</td></tr>
<tr>
<td title='com.AmazonAutomation.test.HomePageTest.homePageTitleTest()'><b>homePageTitleTest</b><br>Test class: com.AmazonAutomation.test.HomePageTest</td>
<td></td>
<td>0</td>
<td>com.AmazonAutomation.test.HomePageTest@709ba3fb</td></tr>
<tr>
<td title='com.AmazonAutomation.test.LoginPageTest.loginPageSignIn()'><b>loginPageSignIn</b><br>Test class: com.AmazonAutomation.test.LoginPageTest</td>
<td></td>
<td>1</td>
<td>com.AmazonAutomation.test.LoginPageTest@3d36e4cd</td></tr>
<tr>
<td title='com.AmazonAutomation.test.LoginPageTest.loginPageTitleTest()'><b>loginPageTitleTest</b><br>Test class: com.AmazonAutomation.test.LoginPageTest</td>
<td></td>
<td>0</td>
<td>com.AmazonAutomation.test.LoginPageTest@3d36e4cd</td></tr>
<tr>
<td title='com.AmazonAutomation.test.PaymentPageTest.paymentActivity()'><b>paymentActivity</b><br>Test class: com.AmazonAutomation.test.PaymentPageTest</td>
<td></td>
<td>9</td>
<td>com.AmazonAutomation.test.PaymentPageTest@7364985f</td></tr>
<tr>
<td title='com.AmazonAutomation.test.ProductSearchPageTest.productSearchPageTitleTest()'><b>productSearchPageTitleTest</b><br>Test class: com.AmazonAutomation.test.ProductSearchPageTest</td>
<td></td>
<td>5</td>
<td>com.AmazonAutomation.test.ProductSearchPageTest@ba8d91c</td></tr>
</table><p>
</body>
</html>